     1                                  bits 64
     2                                  default rel
     3                                  
     4                                  global _start
     5                                  
     6                                  %define COUNT 1_000_000_000
     7                                  
     8                                  section .text
     9                                  align 4096
    10                                  _start:
    11 00000000 B900CA9A3B                  mov rcx, COUNT
    12                                      loop:
    13 00000005 4883E901                        sub rcx, 1
    14 00000009 75FA                            jne loop
    15                                  
    16                                  exit:
    17 0000000B 31FF                        xor edi,edi
    18 0000000D B8E7000000                  mov eax,231
    19 00000012 0F05                        syscall
    20                                  
    21                                  section .data
    22                                  align 4096
    23                                  data:
    24 00000000 0000000000000000            DQ 0
    25                                  
    26                                  section .bss
    27                                  ; align 2*0x1_000_000
    28                                  align 4096
    29                                  bssdata:
    30 00000000 ????????????????            resb 8
